  PluginProcessor.cpp
  PluginEditor.cpp
  include_juce_audio_basics.cpp
  include_juce_audio_devices.cpp
  include_juce_audio_formats.cpp
  include_juce_audio_plugin_client_ARA.cpp
  include_juce_audio_processors_ara.cpp
  include_juce_audio_processors_lv2_libs.cpp
  include_juce_audio_utils.cpp
  include_juce_core_CompilationTime.cpp
  include_juce_data_structures.cpp
  include_juce_events.cpp
  include_juce_graphics_Harfbuzz.cpp
  include_juce_gui_extra.cpp
C:\Users\Vir Malhotra\OneDrive\juce-8.0.0-windows\SimpleDelay\Source\PluginProcessor.cpp(80,56): warning C4100: 'index': unreferenced formal parameter
C:\Users\Vir Malhotra\OneDrive\juce-8.0.0-windows\SimpleDelay\Source\PluginProcessor.cpp(84,67): warning C4100: 'index': unreferenced formal parameter
C:\Users\Vir Malhotra\OneDrive\juce-8.0.0-windows\SimpleDelay\Source\PluginProcessor.cpp(89,83): warning C4100: 'newName': unreferenced formal parameter
C:\Users\Vir Malhotra\OneDrive\juce-8.0.0-windows\SimpleDelay\Source\PluginProcessor.cpp(89,56): warning C4100: 'index': unreferenced formal parameter
C:\Users\Vir Malhotra\OneDrive\juce-8.0.0-windows\SimpleDelay\Source\PluginProcessor.cpp(94,71): warning C4100: 'samplesPerBlock': unreferenced formal parameter
C:\Users\Vir Malhotra\OneDrive\juce-8.0.0-windows\SimpleDelay\Source\PluginProcessor.cpp(94,55): warning C4100: 'sampleRate': unreferenced formal parameter
C:\Users\Vir Malhotra\OneDrive\juce-8.0.0-windows\SimpleDelay\Source\PluginProcessor.cpp(132,99): warning C4100: 'midiMessages': unreferenced formal parameter
C:\Users\Vir Malhotra\OneDrive\juce-8.0.0-windows\SimpleDelay\Source\PluginProcessor.cpp(176,73): warning C4100: 'destData': unreferenced formal parameter
C:\Users\Vir Malhotra\OneDrive\juce-8.0.0-windows\SimpleDelay\Source\PluginProcessor.cpp(183,76): warning C4100: 'sizeInBytes': unreferenced formal parameter
C:\Users\Vir Malhotra\OneDrive\juce-8.0.0-windows\SimpleDelay\Source\PluginProcessor.cpp(183,66): warning C4100: 'data': unreferenced formal parameter
  include_juce_audio_processors.cpp
  include_juce_core.cpp
  include_juce_graphics.cpp
  include_juce_gui_basics.cpp
  SimpleDelay_SharedCode.vcxproj -> C:\Users\Vir Malhotra\OneDrive\juce-8.0.0-windows\SimpleDelay\Builds\VisualStudio2022\x64\Release\Shared Code\SimpleDelay.lib
