c:\users\vir malhotra\onedrive\juce-8.0.0-windows\simpledelay\builds\visualstudio2022\x64\debug\shared code\include_juce_audio_devices.obj
c:\users\vir malhotra\onedrive\juce-8.0.0-windows\simpledelay\builds\visualstudio2022\x64\debug\shared code\plugineditor.obj
c:\users\vir malhotra\onedrive\juce-8.0.0-windows\simpledelay\builds\visualstudio2022\x64\debug\shared code\include_juce_audio_formats.obj
c:\users\vir malhotra\onedrive\juce-8.0.0-windows\simpledelay\builds\visualstudio2022\x64\debug\shared code\include_juce_audio_processors_lv2_libs.obj
c:\users\vir malhotra\onedrive\juce-8.0.0-windows\simpledelay\builds\visualstudio2022\x64\debug\shared code\include_juce_core_compilationtime.obj
c:\users\vir malhotra\onedrive\juce-8.0.0-windows\simpledelay\builds\visualstudio2022\x64\debug\shared code\include_juce_events.obj
c:\users\vir malhotra\onedrive\juce-8.0.0-windows\simpledelay\builds\visualstudio2022\x64\debug\shared code\include_juce_gui_extra.obj
c:\users\vir malhotra\onedrive\juce-8.0.0-windows\simpledelay\builds\visualstudio2022\x64\debug\shared code\include_juce_audio_plugin_client_ara.obj
c:\users\vir malhotra\onedrive\juce-8.0.0-windows\simpledelay\builds\visualstudio2022\x64\debug\shared code\include_juce_audio_utils.obj
c:\users\vir malhotra\onedrive\juce-8.0.0-windows\simpledelay\builds\visualstudio2022\x64\debug\shared code\include_juce_audio_basics.obj
c:\users\vir malhotra\onedrive\juce-8.0.0-windows\simpledelay\builds\visualstudio2022\x64\debug\shared code\include_juce_audio_processors_ara.obj
c:\users\vir malhotra\onedrive\juce-8.0.0-windows\simpledelay\builds\visualstudio2022\x64\debug\shared code\include_juce_data_structures.obj
c:\users\vir malhotra\onedrive\juce-8.0.0-windows\simpledelay\builds\visualstudio2022\x64\debug\shared code\include_juce_graphics_harfbuzz.obj
c:\users\vir malhotra\onedrive\juce-8.0.0-windows\simpledelay\builds\visualstudio2022\x64\debug\shared code\pluginprocessor.obj
c:\users\vir malhotra\onedrive\juce-8.0.0-windows\simpledelay\builds\visualstudio2022\x64\debug\shared code\simpledelay.pdb
c:\users\vir malhotra\onedrive\juce-8.0.0-windows\simpledelay\builds\visualstudio2022\x64\debug\shared code\include_juce_gui_basics.obj
c:\users\vir malhotra\onedrive\juce-8.0.0-windows\simpledelay\builds\visualstudio2022\x64\debug\shared code\include_juce_core.obj
c:\users\vir malhotra\onedrive\juce-8.0.0-windows\simpledelay\builds\visualstudio2022\x64\debug\shared code\include_juce_audio_processors.obj
c:\users\vir malhotra\onedrive\juce-8.0.0-windows\simpledelay\builds\visualstudio2022\x64\debug\shared code\include_juce_graphics.obj
c:\users\vir malhotra\onedrive\juce-8.0.0-windows\simpledelay\builds\visualstudio2022\x64\debug\shared code\simpledelay.lib
c:\users\vir malhotra\onedrive\juce-8.0.0-windows\simpledelay\builds\visualstudio2022\x64\debug\shared code\simplede.f5bef6b3.tlog\cl.command.1.tlog
c:\users\vir malhotra\onedrive\juce-8.0.0-windows\simpledelay\builds\visualstudio2022\x64\debug\shared code\simplede.f5bef6b3.tlog\cl.items.tlog
c:\users\vir malhotra\onedrive\juce-8.0.0-windows\simpledelay\builds\visualstudio2022\x64\debug\shared code\simplede.f5bef6b3.tlog\cl.read.1.tlog
c:\users\vir malhotra\onedrive\juce-8.0.0-windows\simpledelay\builds\visualstudio2022\x64\debug\shared code\simplede.f5bef6b3.tlog\cl.write.1.tlog
c:\users\vir malhotra\onedrive\juce-8.0.0-windows\simpledelay\builds\visualstudio2022\x64\debug\shared code\simplede.f5bef6b3.tlog\lib-link.read.1.tlog
c:\users\vir malhotra\onedrive\juce-8.0.0-windows\simpledelay\builds\visualstudio2022\x64\debug\shared code\simplede.f5bef6b3.tlog\lib-link.write.1.tlog
c:\users\vir malhotra\onedrive\juce-8.0.0-windows\simpledelay\builds\visualstudio2022\x64\debug\shared code\simplede.f5bef6b3.tlog\lib.command.1.tlog
